::1 - - [06/Dec/2022:08:03:56 +0000] "POST /user/login HTTP/1.1" 200 155 "-" "PostmanRuntime/7.29.0"
::1 - - [06/Dec/2022:09:15:25 +0000] "POST /premium HTTP/1.1" 200 85 "-" "PostmanRuntime/7.29.0"
::1 - - [06/Dec/2022:09:15:59 +0000] "POST /premium HTTP/1.1" 200 85 "-" "PostmanRuntime/7.29.0"
::1 - - [06/Dec/2022:09:18:17 +0000] "POST /premium HTTP/1.1" 200 85 "-" "PostmanRuntime/7.29.0"
::1 - - [06/Dec/2022:09:18:35 +0000] "POST /premium HTTP/1.1" 200 85 "-" "PostmanRuntime/7.29.0"
::1 - - [06/Dec/2022:09:18:49 +0000] "POST /premium HTTP/1.1" 200 85 "-" "PostmanRuntime/7.29.0"
::1 - - [06/Dec/2022:09:19:52 +0000] "POST /premium HTTP/1.1" 200 85 "-" "PostmanRuntime/7.29.0"
::1 - - [06/Dec/2022:09:20:03 +0000] "POST /premium HTTP/1.1" 200 85 "-" "PostmanRuntime/7.29.0"
::1 - - [06/Dec/2022:09:22:40 +0000] "POST /premium HTTP/1.1" 200 85 "-" "PostmanRuntime/7.29.0"
::1 - - [06/Dec/2022:09:23:40 +0000] "POST /premium HTTP/1.1" 500 1163 "-" "PostmanRuntime/7.29.0"
::1 - - [06/Dec/2022:09:23:54 +0000] "POST /premium HTTP/1.1" 200 85 "-" "PostmanRuntime/7.29.0"
::1 - - [06/Dec/2022:09:24:39 +0000] "POST /premium HTTP/1.1" 200 85 "-" "PostmanRuntime/7.29.0"
::1 - - [06/Dec/2022:09:25:03 +0000] "POST /premium HTTP/1.1" 200 85 "-" "PostmanRuntime/7.29.0"
::1 - - [06/Dec/2022:09:25:36 +0000] "POST /premium HTTP/1.1" 200 85 "-" "PostmanRuntime/7.29.0"
::1 - - [06/Dec/2022:09:26:01 +0000] "POST /premium HTTP/1.1" 200 85 "-" "PostmanRuntime/7.29.0"
::1 - - [06/Dec/2022:09:26:17 +0000] "POST /premium HTTP/1.1" 200 85 "-" "PostmanRuntime/7.29.0"
::1 - - [06/Dec/2022:09:26:37 +0000] "POST /premium HTTP/1.1" 200 85 "-" "PostmanRuntime/7.29.0"
::1 - - [06/Dec/2022:09:26:46 +0000] "POST /premium HTTP/1.1" 200 85 "-" "PostmanRuntime/7.29.0"
::1 - - [06/Dec/2022:09:27:11 +0000] "POST /premium HTTP/1.1" 200 85 "-" "PostmanRuntime/7.29.0"
::1 - - [06/Dec/2022:09:27:45 +0000] "POST /premium HTTP/1.1" 200 85 "-" "PostmanRuntime/7.29.0"
::1 - - [06/Dec/2022:09:28:22 +0000] "POST /premium HTTP/1.1" 200 18 "-" "PostmanRuntime/7.29.0"
::1 - - [06/Dec/2022:09:28:36 +0000] "POST /premium HTTP/1.1" 200 18 "-" "PostmanRuntime/7.29.0"
::1 - - [06/Dec/2022:09:28:45 +0000] "POST /premium HTTP/1.1" 200 85 "-" "PostmanRuntime/7.29.0"
::1 - - [06/Dec/2022:09:30:41 +0000] "POST /premium HTTP/1.1" 200 18 "-" "PostmanRuntime/7.29.0"
::1 - - [06/Dec/2022:09:30:50 +0000] "POST /premium HTTP/1.1" 200 85 "-" "PostmanRuntime/7.29.0"
::1 - - [06/Dec/2022:09:33:57 +0000] "POST /premium HTTP/1.1" 200 85 "-" "PostmanRuntime/7.29.0"
::1 - - [06/Dec/2022:10:36:32 +0000] "POST /premium HTTP/1.1" 200 85 "-" "PostmanRuntime/7.29.0"
::1 - - [06/Dec/2022:10:36:52 +0000] "POST /premium HTTP/1.1" 200 18 "-" "PostmanRuntime/7.29.0"
::1 - - [06/Dec/2022:10:37:02 +0000] "POST /premium HTTP/1.1" 200 85 "-" "PostmanRuntime/7.29.0"
::1 - - [06/Dec/2022:10:37:13 +0000] "POST /premium HTTP/1.1" 200 85 "-" "PostmanRuntime/7.29.0"
::1 - - [06/Dec/2022:10:37:28 +0000] "POST /premium HTTP/1.1" 200 85 "-" "PostmanRuntime/7.29.0"
::1 - - [06/Dec/2022:10:37:34 +0000] "POST /premium HTTP/1.1" 200 18 "-" "PostmanRuntime/7.29.0"
::1 - - [06/Dec/2022:10:49:15 +0000] "POST /premium HTTP/1.1" 200 18 "-" "PostmanRuntime/7.29.0"
::1 - - [06/Dec/2022:10:49:22 +0000] "POST /premium HTTP/1.1" 401 85 "-" "PostmanRuntime/7.29.0"
::1 - - [06/Dec/2022:15:03:55 +0000] "POST /api/v1/submitCode HTTP/1.1" 401 85 "-" "PostmanRuntime/7.29.0"
::1 - - [06/Dec/2022:15:04:39 +0000] "POST /api/v1/submitCode HTTP/1.1" 200 11 "-" "PostmanRuntime/7.29.0"
::1 - - [06/Dec/2022:15:05:01 +0000] "POST /api/v1/submitCode HTTP/1.1" 200 11 "-" "PostmanRuntime/7.29.0"
::1 - - [06/Dec/2022:15:05:42 +0000] "POST /api/v1/submitCode HTTP/1.1" 401 85 "-" "PostmanRuntime/7.29.0"
::1 - - [06/Dec/2022:15:10:21 +0000] "POST /api/v1/submitCode HTTP/1.1" 200 11 "-" "PostmanRuntime/7.29.0"
::1 - - [06/Dec/2022:15:23:06 +0000] "POST /api/v1/submitCode HTTP/1.1" 200 11 "-" "PostmanRuntime/7.29.0"
::1 - - [06/Dec/2022:15:23:25 +0000] "POST /api/v1/submitCode HTTP/1.1" 200 11 "-" "PostmanRuntime/7.29.0"
::1 - - [06/Dec/2022:15:23:46 +0000] "POST /api/v1/submitCode HTTP/1.1" 200 11 "-" "PostmanRuntime/7.29.0"
::1 - - [06/Dec/2022:15:24:13 +0000] "POST /api/v1/submitCode HTTP/1.1" 200 11 "-" "PostmanRuntime/7.29.0"
::1 - - [06/Dec/2022:16:09:22 +0000] "POST /user/login HTTP/1.1" 200 155 "-" "PostmanRuntime/7.29.0"
::1 - - [06/Dec/2022:16:09:43 +0000] "POST /user/register HTTP/1.1" 200 75 "-" "PostmanRuntime/7.29.0"
::1 - - [06/Dec/2022:16:10:04 +0000] "POST /premium HTTP/1.1" 401 85 "-" "PostmanRuntime/7.29.0"
::1 - - [06/Dec/2022:19:23:39 +0000] "POST /submitCode HTTP/1.1" 202 70 "-" "PostmanRuntime/7.29.0"
::1 - - [06/Dec/2022:19:24:03 +0000] "POST /getSubmission HTTP/1.1" 200 182 "-" "PostmanRuntime/7.29.0"
::1 - - [06/Dec/2022:19:26:00 +0000] "POST /api/v1/submitCode HTTP/1.1" 200 69 "-" "PostmanRuntime/7.29.0"
::1 - - [06/Dec/2022:19:26:33 +0000] "POST /api/v1/submitCode HTTP/1.1" 200 69 "-" "PostmanRuntime/7.29.0"
::1 - - [06/Dec/2022:19:26:54 +0000] "POST /api/v1/submitCode HTTP/1.1" 200 69 "-" "PostmanRuntime/7.29.0"
::1 - - [06/Dec/2022:19:27:11 +0000] "POST /api/v1/submitCode HTTP/1.1" 200 69 "-" "PostmanRuntime/7.29.0"
::1 - - [06/Dec/2022:19:28:30 +0000] "POST /api/v1/submitCode HTTP/1.1" 401 80 "-" "PostmanRuntime/7.29.0"
::1 - - [06/Dec/2022:19:28:46 +0000] "POST /api/v1/submitCode HTTP/1.1" 401 80 "-" "PostmanRuntime/7.29.0"
::1 - - [06/Dec/2022:19:29:48 +0000] "POST /api/v1/submitCode HTTP/1.1" 401 80 "-" "PostmanRuntime/7.29.0"
::1 - - [06/Dec/2022:19:30:16 +0000] "POST /api/v1/submitCode HTTP/1.1" 401 80 "-" "PostmanRuntime/7.29.0"
::1 - - [06/Dec/2022:19:31:20 +0000] "POST /api/v1/submitCode HTTP/1.1" 400 63 "-" "PostmanRuntime/7.29.0"
::1 - - [06/Dec/2022:19:31:50 +0000] "POST /api/v1/submitCode HTTP/1.1" 200 69 "-" "PostmanRuntime/7.29.0"
::1 - - [06/Dec/2022:19:32:48 +0000] "POST /api/v1/submitCode HTTP/1.1" 200 69 "-" "PostmanRuntime/7.29.0"
::1 - - [06/Dec/2022:19:33:10 +0000] "POST /api/v1/submitCode HTTP/1.1" 200 69 "-" "PostmanRuntime/7.29.0"
::1 - - [06/Dec/2022:19:33:46 +0000] "POST /api/v1/submitCode HTTP/1.1" 200 69 "-" "PostmanRuntime/7.29.0"
::1 - - [06/Dec/2022:19:34:40 +0000] "POST /api/v1/submitCode HTTP/1.1" 500 67 "-" "PostmanRuntime/7.29.0"
::1 - - [06/Dec/2022:19:35:03 +0000] "POST /api/v1/submitCode HTTP/1.1" 200 69 "-" "PostmanRuntime/7.29.0"
::1 - - [06/Dec/2022:19:36:08 +0000] "POST /api/v1/submitCode HTTP/1.1" 500 67 "-" "PostmanRuntime/7.29.0"
::1 - - [06/Dec/2022:19:36:33 +0000] "POST /api/v1/submitCode HTTP/1.1" 500 67 "-" "PostmanRuntime/7.29.0"
::1 - - [06/Dec/2022:19:36:51 +0000] "POST /api/v1/submitCode HTTP/1.1" 500 67 "-" "PostmanRuntime/7.29.0"
::1 - - [06/Dec/2022:19:37:29 +0000] "POST /api/v1/submitCode HTTP/1.1" 202 70 "-" "PostmanRuntime/7.29.0"
::1 - - [06/Dec/2022:19:42:54 +0000] "POST /getSubmission HTTP/1.1" 200 182 "-" "PostmanRuntime/7.29.0"
::1 - - [06/Dec/2022:19:44:04 +0000] "POST /api/v1/submitCode HTTP/1.1" 202 70 "-" "PostmanRuntime/7.29.0"
::1 - - [06/Dec/2022:19:47:13 +0000] "POST /api/v1/submitCode HTTP/1.1" 202 70 "-" "PostmanRuntime/7.29.0"
::1 - - [06/Dec/2022:19:56:34 +0000] "POST /api/v1/submitCode HTTP/1.1" 202 70 "-" "PostmanRuntime/7.29.0"
::1 - - [06/Dec/2022:19:58:25 +0000] "POST /api/v1/submitCode HTTP/1.1" 202 70 "-" "PostmanRuntime/7.29.0"
::1 - - [06/Dec/2022:19:58:26 +0000] "POST /api/v1/submitCode HTTP/1.1" 202 70 "-" "PostmanRuntime/7.29.0"
::1 - - [06/Dec/2022:19:58:28 +0000] "POST /api/v1/submitCode HTTP/1.1" 202 70 "-" "PostmanRuntime/7.29.0"
::1 - - [06/Dec/2022:19:58:51 +0000] "POST /api/v1/submitCode HTTP/1.1" 202 70 "-" "PostmanRuntime/7.29.0"
::1 - - [06/Dec/2022:19:59:02 +0000] "POST /api/v1/submitCode HTTP/1.1" 200 69 "-" "PostmanRuntime/7.29.0"
::1 - - [06/Dec/2022:20:01:38 +0000] "POST /api/v1/submitCode HTTP/1.1" - - "-" "PostmanRuntime/7.29.0"
::1 - - [06/Dec/2022:20:05:55 +0000] "POST /api/v1/submitCode HTTP/1.1" 500 67 "-" "PostmanRuntime/7.29.0"
::1 - - [06/Dec/2022:20:07:00 +0000] "POST /api/v1/submitCode HTTP/1.1" 500 67 "-" "PostmanRuntime/7.29.0"
::1 - - [06/Dec/2022:20:10:29 +0000] "POST /api/v1/submitCode HTTP/1.1" 500 67 "-" "PostmanRuntime/7.29.0"
::1 - - [06/Dec/2022:20:12:02 +0000] "POST /api/v1/submitCode HTTP/1.1" 500 67 "-" "PostmanRuntime/7.29.0"
::1 - - [06/Dec/2022:20:13:22 +0000] "POST /api/v1/submitCode HTTP/1.1" 202 70 "-" "PostmanRuntime/7.29.0"
::1 - - [06/Dec/2022:20:16:16 +0000] "GET /api/v1/getInfo HTTP/1.1" 200 16 "-" "PostmanRuntime/7.29.0"
::1 - - [06/Dec/2022:20:17:33 +0000] "GET /api/v1/getInfo HTTP/1.1" 200 16 "-" "PostmanRuntime/7.29.0"
::1 - - [06/Dec/2022:20:17:57 +0000] "GET /api/v1/getInfo HTTP/1.1" 200 69 "-" "PostmanRuntime/7.29.0"
::1 - - [06/Dec/2022:20:18:00 +0000] "GET /api/v1/getInfo HTTP/1.1" 200 69 "-" "PostmanRuntime/7.29.0"
::1 - - [06/Dec/2022:20:18:01 +0000] "GET /api/v1/getInfo HTTP/1.1" 200 69 "-" "PostmanRuntime/7.29.0"
::1 - - [06/Dec/2022:20:18:03 +0000] "GET /api/v1/getInfo HTTP/1.1" 200 69 "-" "PostmanRuntime/7.29.0"
::1 - - [06/Dec/2022:20:18:08 +0000] "GET /api/v1/getInfo HTTP/1.1" 200 69 "-" "PostmanRuntime/7.29.0"
::1 - - [06/Dec/2022:20:18:30 +0000] "POST /api/v1/submitCode HTTP/1.1" 202 70 "-" "PostmanRuntime/7.29.0"
::1 - - [06/Dec/2022:20:18:35 +0000] "GET /api/v1/getInfo HTTP/1.1" 200 69 "-" "PostmanRuntime/7.29.0"
::1 - - [06/Dec/2022:20:31:56 +0000] "POST /api/v1/getSubmission HTTP/1.1" 401 70 "-" "PostmanRuntime/7.29.0"
::1 - - [06/Dec/2022:20:32:16 +0000] "POST /api/v1/getSubmission HTTP/1.1" 401 70 "-" "PostmanRuntime/7.29.0"
::1 - - [06/Dec/2022:20:33:06 +0000] "POST /api/v1/getSubmission HTTP/1.1" 401 60 "-" "PostmanRuntime/7.29.0"
::1 - - [06/Dec/2022:20:35:04 +0000] "POST /api/v1/getSubmission HTTP/1.1" 200 182 "-" "PostmanRuntime/7.29.0"
::1 - - [06/Dec/2022:20:35:19 +0000] "GET /api/v1/getInfo HTTP/1.1" 200 69 "-" "PostmanRuntime/7.29.0"
::1 - - [06/Dec/2022:20:35:23 +0000] "POST /api/v1/submitCode HTTP/1.1" 202 70 "-" "PostmanRuntime/7.29.0"
::1 - - [06/Dec/2022:20:35:41 +0000] "GET /api/v1/getInfo HTTP/1.1" 200 69 "-" "PostmanRuntime/7.29.0"
::1 - - [06/Dec/2022:20:36:04 +0000] "POST /api/v1/getSubmission HTTP/1.1" 200 182 "-" "PostmanRuntime/7.29.0"
::1 - - [10/Dec/2022:09:56:54 +0000] "POST /submitCode HTTP/1.1" 202 70 "-" "PostmanRuntime/7.29.0"
::1 - - [10/Dec/2022:09:57:32 +0000] "POST /submitCode HTTP/1.1" 500 1187 "-" "PostmanRuntime/7.29.0"
::1 - - [10/Dec/2022:09:58:11 +0000] "POST /submitCode HTTP/1.1" 400 981 "-" "PostmanRuntime/7.29.0"
::1 - - [10/Dec/2022:09:58:37 +0000] "POST /submitCode HTTP/1.1" 400 981 "-" "PostmanRuntime/7.29.0"
::1 - - [10/Dec/2022:10:00:34 +0000] "POST /submitCode HTTP/1.1" 400 981 "-" "PostmanRuntime/7.29.0"
::1 - - [10/Dec/2022:10:01:15 +0000] "POST /submitCode HTTP/1.1" 500 1187 "-" "PostmanRuntime/7.29.0"
::1 - - [10/Dec/2022:10:02:00 +0000] "POST /submitCode HTTP/1.1" 500 1187 "-" "PostmanRuntime/7.29.0"
::1 - - [10/Dec/2022:10:02:16 +0000] "POST /submitCode HTTP/1.1" 202 70 "-" "PostmanRuntime/7.29.0"
::1 - - [10/Dec/2022:10:02:29 +0000] "POST /submitCode HTTP/1.1" 500 1187 "-" "PostmanRuntime/7.29.0"
::1 - - [10/Dec/2022:10:02:37 +0000] "POST /submitCode HTTP/1.1" 202 70 "-" "PostmanRuntime/7.29.0"
::1 - - [10/Dec/2022:10:02:51 +0000] "POST /submitCode HTTP/1.1" 500 1187 "-" "PostmanRuntime/7.29.0"
::1 - - [10/Dec/2022:10:03:03 +0000] "POST /submitCode HTTP/1.1" 202 70 "-" "PostmanRuntime/7.29.0"
::1 - - [10/Dec/2022:10:03:25 +0000] "POST /submitCode HTTP/1.1" 500 1187 "-" "PostmanRuntime/7.29.0"
::1 - - [10/Dec/2022:10:03:59 +0000] "POST /submitCode HTTP/1.1" 500 1187 "-" "PostmanRuntime/7.29.0"
::1 - - [10/Dec/2022:10:04:20 +0000] "POST /submitCode HTTP/1.1" 500 1187 "-" "PostmanRuntime/7.29.0"
::1 - - [10/Dec/2022:10:04:34 +0000] "POST /submitCode HTTP/1.1" 500 1187 "-" "PostmanRuntime/7.29.0"
::1 - - [10/Dec/2022:10:04:54 +0000] "POST /submitCode HTTP/1.1" 202 70 "-" "PostmanRuntime/7.29.0"
::1 - - [10/Dec/2022:10:17:14 +0000] "POST /submitCode HTTP/1.1" 500 1187 "-" "PostmanRuntime/7.29.0"
::1 - - [10/Dec/2022:10:20:35 +0000] "POST /submitCode HTTP/1.1" 500 1187 "-" "PostmanRuntime/7.29.0"
::1 - - [10/Dec/2022:10:24:57 +0000] "POST /submitCode HTTP/1.1" - - "-" "PostmanRuntime/7.29.0"
::1 - - [10/Dec/2022:10:26:09 +0000] "POST /submitCode HTTP/1.1" 500 1187 "-" "PostmanRuntime/7.29.0"
::1 - - [10/Dec/2022:10:29:54 +0000] "POST /submitCode HTTP/1.1" 500 1187 "-" "PostmanRuntime/7.29.0"
::1 - - [10/Dec/2022:10:30:02 +0000] "POST /submitCode HTTP/1.1" 202 70 "-" "PostmanRuntime/7.29.0"
::1 - - [10/Dec/2022:11:10:02 +0000] "POST /submitCode HTTP/1.1" 202 70 "-" "PostmanRuntime/7.29.0"
::1 - - [10/Dec/2022:11:10:07 +0000] "POST /submitCode HTTP/1.1" 400 186 "-" "PostmanRuntime/7.29.0"
::1 - - [10/Dec/2022:12:17:50 +0000] "POST /submitCode HTTP/1.1" 400 186 "-" "PostmanRuntime/7.29.0"
::1 - - [10/Dec/2022:12:18:22 +0000] "POST /submitCode HTTP/1.1" 400 186 "-" "PostmanRuntime/7.29.0"
::1 - - [10/Dec/2022:12:18:59 +0000] "POST /submitCode HTTP/1.1" 400 186 "-" "PostmanRuntime/7.29.0"
::1 - - [10/Dec/2022:12:19:42 +0000] "POST /submitCode HTTP/1.1" 400 186 "-" "PostmanRuntime/7.29.0"
::1 - - [10/Dec/2022:12:20:03 +0000] "POST /submitCode HTTP/1.1" 400 186 "-" "PostmanRuntime/7.29.0"
::1 - - [10/Dec/2022:12:20:20 +0000] "POST /submitCode HTTP/1.1" 400 186 "-" "PostmanRuntime/7.29.0"
::1 - - [10/Dec/2022:12:27:23 +0000] "POST /submitCode HTTP/1.1" 400 168 "-" "PostmanRuntime/7.29.0"
::1 - - [10/Dec/2022:12:28:04 +0000] "POST /submitCode HTTP/1.1" 400 221 "-" "PostmanRuntime/7.29.0"
::1 - - [10/Dec/2022:12:28:31 +0000] "POST /submitCode HTTP/1.1" 400 144 "-" "PostmanRuntime/7.29.0"
::1 - - [10/Dec/2022:13:32:31 +0000] "POST /submitCode HTTP/1.1" 400 170 "-" "PostmanRuntime/7.29.0"
::1 - - [10/Dec/2022:13:54:42 +0000] "POST /submitCode HTTP/1.1" 400 170 "-" "PostmanRuntime/7.29.0"
::1 - - [10/Dec/2022:13:56:04 +0000] "POST /submitCode HTTP/1.1" 400 221 "-" "PostmanRuntime/7.29.0"
::1 - - [10/Dec/2022:13:57:32 +0000] "POST /submitCode HTTP/1.1" 400 184 "-" "PostmanRuntime/7.29.0"
::1 - - [10/Dec/2022:13:57:51 +0000] "POST /submitCode HTTP/1.1" 400 182 "-" "PostmanRuntime/7.29.0"
::1 - - [10/Dec/2022:13:58:07 +0000] "POST /submitCode HTTP/1.1" 400 184 "-" "PostmanRuntime/7.29.0"
::1 - - [10/Dec/2022:13:58:18 +0000] "POST /submitCode HTTP/1.1" 400 221 "-" "PostmanRuntime/7.29.0"
::1 - - [10/Dec/2022:13:58:31 +0000] "POST /submitCode HTTP/1.1" 202 70 "-" "PostmanRuntime/7.29.0"
::1 - - [10/Dec/2022:13:58:36 +0000] "POST /submitCode HTTP/1.1" 400 182 "-" "PostmanRuntime/7.29.0"
::1 - - [10/Dec/2022:13:59:54 +0000] "POST /submitCode HTTP/1.1" 400 182 "-" "PostmanRuntime/7.29.0"
::1 - - [10/Dec/2022:14:00:07 +0000] "POST /submitCode HTTP/1.1" 202 70 "-" "PostmanRuntime/7.29.0"
::1 - - [10/Dec/2022:14:00:59 +0000] "POST /getSubmission HTTP/1.1" 200 182 "-" "PostmanRuntime/7.29.0"
::1 - - [10/Dec/2022:14:03:11 +0000] "POST /submitCode HTTP/1.1" 202 70 "-" "PostmanRuntime/7.29.0"
::1 - - [10/Dec/2022:14:04:12 +0000] "POST /submitCode HTTP/1.1" 400 160 "-" "PostmanRuntime/7.29.0"
::1 - - [10/Dec/2022:14:06:01 +0000] "POST /submitCode HTTP/1.1" 202 70 "-" "PostmanRuntime/7.29.0"
::1 - - [10/Dec/2022:14:08:05 +0000] "POST /submitCode HTTP/1.1" 202 70 "-" "PostmanRuntime/7.29.0"
::1 - - [10/Dec/2022:14:12:11 +0000] "POST /submitCode HTTP/1.1" 400 184 "-" "PostmanRuntime/7.29.0"
::1 - - [10/Dec/2022:15:27:48 +0000] "POST /submitCode HTTP/1.1" 202 70 "-" "PostmanRuntime/7.29.0"
::1 - - [10/Dec/2022:15:31:50 +0000] "POST /submitCode HTTP/1.1" - - "-" "PostmanRuntime/7.29.0"
::1 - - [10/Dec/2022:15:35:50 +0000] "POST /submitCode HTTP/1.1" - - "-" "PostmanRuntime/7.29.0"
::1 - - [10/Dec/2022:15:37:23 +0000] "POST /submitCode HTTP/1.1" 202 33 "-" "PostmanRuntime/7.29.0"
::1 - - [10/Dec/2022:15:49:57 +0000] "POST /submitCode HTTP/1.1" 202 33 "-" "PostmanRuntime/7.29.0"
::1 - - [10/Dec/2022:15:54:55 +0000] "POST /submitCode HTTP/1.1" 202 33 "-" "PostmanRuntime/7.29.0"
::1 - - [10/Dec/2022:15:58:03 +0000] "POST /submitCode HTTP/1.1" 202 33 "-" "PostmanRuntime/7.29.0"
::1 - - [10/Dec/2022:16:07:28 +0000] "POST /submitCode HTTP/1.1" 202 33 "-" "PostmanRuntime/7.29.0"
::1 - - [10/Dec/2022:16:23:20 +0000] "POST /submitCode HTTP/1.1" 202 33 "-" "PostmanRuntime/7.29.0"
::1 - - [10/Dec/2022:16:56:27 +0000] "POST /submitCode HTTP/1.1" 202 33 "-" "PostmanRuntime/7.29.0"
::1 - - [10/Dec/2022:16:56:29 +0000] "POST /submitCode HTTP/1.1" 202 33 "-" "PostmanRuntime/7.29.0"
::1 - - [10/Dec/2022:16:56:31 +0000] "POST /submitCode HTTP/1.1" 202 33 "-" "PostmanRuntime/7.29.0"
::1 - - [10/Dec/2022:16:56:33 +0000] "POST /submitCode HTTP/1.1" 202 33 "-" "PostmanRuntime/7.29.0"
::1 - - [10/Dec/2022:16:56:33 +0000] "POST /submitCode HTTP/1.1" 202 33 "-" "PostmanRuntime/7.29.0"
::1 - - [10/Dec/2022:19:29:58 +0000] "POST /getSubmission HTTP/1.1" 400 156 "-" "PostmanRuntime/7.29.0"
::1 - - [10/Dec/2022:19:30:20 +0000] "POST /getSubmission HTTP/1.1" 200 179 "-" "PostmanRuntime/7.29.0"
::1 - - [10/Dec/2022:19:30:57 +0000] "POST /getSubmission HTTP/1.1" 200 179 "-" "PostmanRuntime/7.29.0"
::1 - - [10/Dec/2022:19:38:04 +0000] "POST /submitCode HTTP/1.1" 202 33 "-" "PostmanRuntime/7.29.0"
::1 - - [10/Dec/2022:19:38:17 +0000] "POST /getSubmission HTTP/1.1" 200 60 "-" "PostmanRuntime/7.29.0"
::1 - - [10/Dec/2022:19:38:26 +0000] "POST /getSubmission HTTP/1.1" 200 145 "-" "PostmanRuntime/7.29.0"
::1 - - [10/Dec/2022:19:40:45 +0000] "POST /getSubmission HTTP/1.1" 400 156 "-" "PostmanRuntime/7.29.0"
::1 - - [10/Dec/2022:19:41:03 +0000] "POST /getSubmission HTTP/1.1" 400 142 "-" "PostmanRuntime/7.29.0"
